<?xml version="1.0" encoding="UTF-8" ?>
<testsuite tests="3" failures="0" name="com.chen4du.search.service.solrtest.SolrTest" time="0.267" errors="0" skipped="0">
  <properties>
[...]
</properties>
  <testcase classname="com.chen4du.search.service.solrtest.SolrTest" name="queryDocument" time="0.006"/>
  <testcase classname="com.chen4du.search.service.solrtest.SolrTest" name="deleteDocumentByQuery" time="0.046"/>
  <testcase classname="com.chen4du.search.service.solrtest.SolrTest" name="addDocument" time="0.215"/>
</testsuite>